<?xml version="1.0" encoding="UTF-8"?>
<!-- Generated by org.testng.reporters.JUnitReportReporter -->
<testsuite hostname="SCTL-BA-I3-14" failures="0" tests="2" name="testng_Examples.TestNG_Practises" time="3.049" errors="0" timestamp="11 Jun 2018 06:53:32 GMT" skipped="0">
  <testcase classname="testng_Examples.TestNG_Practises" name="check" time="1.319"/>
  <testcase classname="testng_Examples.TestNG_Practises" name="check_2" time="1.730"/>
</testsuite> <!-- testng_Examples.TestNG_Practises -->
