<?xml version="1.0" encoding="UTF-8"?>
<!-- Generated by org.testng.reporters.JUnitReportReporter -->
<testsuite skipped="0" hostname="SCTL-BA-I3-14" name="gollie_Pratice.TestTestNGSequence" tests="2" failures="0" timestamp="13 Apr 2019 06:29:06 GMT" time="0.008" errors="0">
  <testcase name="test" time="0.004" classname="gollie_Pratice.TestTestNGSequence"/>
  <testcase name="test2" time="0.004" classname="gollie_Pratice.TestTestNGSequence"/>
</testsuite> <!-- gollie_Pratice.TestTestNGSequence -->
