<?xml version="1.0" encoding="UTF-8"?>
<!-- Generated by org.testng.reporters.JUnitReportReporter -->
<testsuite hostname="SCTL-BA-I3-14" failures="0" tests="2" name="testng_Examples.Test_1" time="0.006" errors="0" timestamp="12 Nov 2018 05:38:07 GMT" skipped="0">
  <testcase classname="testng_Examples.Test_1" name="testCase2" time="0.004"/>
  <testcase classname="testng_Examples.Test_1" name="testCase1" time="0.002"/>
</testsuite> <!-- testng_Examples.Test_1 -->
