<?xml version="1.0" encoding="UTF-8"?>
<!-- Generated by org.testng.reporters.JUnitReportReporter -->
<testsuite hostname="SCTL-BA-I3-14" failures="0" tests="5" name="practice.rehan.ScreenShots.DataProviderExample" time="77.917" errors="0" timestamp="05 Feb 2019 07:38:06 GMT" skipped="0">
  <testcase classname="practice.rehan.ScreenShots.DataProviderExample" name="register" time="15.897"/>
  <testcase classname="practice.rehan.ScreenShots.DataProviderExample" name="register" time="15.493"/>
  <testcase classname="practice.rehan.ScreenShots.DataProviderExample" name="register" time="15.191"/>
  <testcase classname="practice.rehan.ScreenShots.DataProviderExample" name="register" time="16.413"/>
  <testcase classname="practice.rehan.ScreenShots.DataProviderExample" name="register" time="14.923"/>
</testsuite> <!-- practice.rehan.ScreenShots.DataProviderExample -->
